<?xml version="1.0" encoding="UTF-8"?>
<!-- Generated by org.testng.reporters.JUnitReportReporter -->
<testsuite hostname="zhanxiaobing" name="yinpiao.InterfaceLogin.InterfaceLogin" tests="2" failures="0" timestamp="18 Aug 2016 07:42:49 GMT" time="0.004" errors="0">
  <testcase name="api_test" time="0.004" classname="yinpiao.InterfaceLogin.InterfaceLogin"/>
  <testcase name="api_test" time="0.000" classname="yinpiao.InterfaceLogin.InterfaceLogin"/>
</testsuite> <!-- yinpiao.InterfaceLogin.InterfaceLogin -->
